<?xml version="1.0" encoding="UTF-8"?>
<testsuite xmlns:xsi="http://www.w3.org/2001/XMLSchema-instance" xsi:noNamespaceSchemaLocation="https://maven.apache.org/surefire/maven-failsafe-plugin/xsd/failsafe-test-report.xsd" version="3.0.2" name="com.sontaypham.todolist.integration.service.UserServiceIT" time="18.819" tests="22" errors="0" skipped="0" failures="0">
  <properties>
    <property name="java.specification.version" value="21"/>
    <property name="sun.jnu.encoding" value="UTF-8"/>
    <property name="java.class.path" value="/home/sontaypham/WorkSpace/SpringBoot/todolist/target/test-classes:/home/sontaypham/WorkSpace/SpringBoot/todolist/target/classes:/home/sontaypham/.m2/repository/org/springframework/boot/spring-boot-starter-oauth2-resource-server/3.5.3/spring-boot-starter-oauth2-resource-server-3.5.3.jar:/home/sontaypham/.m2/repository/org/springframework/boot/spring-boot-starter/3.5.3/spring-boot-starter-3.5.3.jar:/home/sontaypham/.m2/repository/org/springframework/boot/spring-boot-starter-logging/3.5.3/spring-boot-starter-logging-3.5.3.jar:/home/sontaypham/.m2/repository/ch/qos/logback/logback-classic/1.5.18/logback-classic-1.5.18.jar:/home/sontaypham/.m2/repository/ch/qos/logback/logback-core/1.5.18/logback-core-1.5.18.jar:/home/sontaypham/.m2/repository/org/apache/logging/log4j/log4j-to-slf4j/2.24.3/log4j-to-slf4j-2.24.3.jar:/home/sontaypham/.m2/repository/org/apache/logging/log4j/log4j-api/2.24.3/log4j-api-2.24.3.jar:/home/sontaypham/.m2/repository/org/slf4j/jul-to-slf4j/2.0.17/jul-to-slf4j-2.0.17.jar:/home/sontaypham/.m2/repository/jakarta/annotation/jakarta.annotation-api/2.1.1/jakarta.annotation-api-2.1.1.jar:/home/sontaypham/.m2/repository/org/yaml/snakeyaml/2.4/snakeyaml-2.4.jar:/home/sontaypham/.m2/repository/org/springframework/security/spring-security-config/6.5.1/spring-security-config-6.5.1.jar:/home/sontaypham/.m2/repository/org/springframework/spring-beans/6.2.8/spring-beans-6.2.8.jar:/home/sontaypham/.m2/repository/org/springframework/spring-context/6.2.8/spring-context-6.2.8.jar:/home/sontaypham/.m2/repository/org/springframework/security/spring-security-core/6.5.1/spring-security-core-6.5.1.jar:/home/sontaypham/.m2/repository/org/springframework/security/spring-security-crypto/6.5.1/spring-security-crypto-6.5.1.jar:/home/sontaypham/.m2/repository/org/springframework/spring-expression/6.2.8/spring-expression-6.2.8.jar:/home/sontaypham/.m2/repository/io/micrometer/micrometer-observation/1.15.1/micrometer-observation-1.15.1.jar:/home/sontaypham/.m2/repository/io/micrometer/micrometer-commons/1.15.1/micrometer-commons-1.15.1.jar:/home/sontaypham/.m2/repository/org/springframework/security/spring-security-oauth2-resource-server/6.5.1/spring-security-oauth2-resource-server-6.5.1.jar:/home/sontaypham/.m2/repository/org/springframework/security/spring-security-oauth2-core/6.5.1/spring-security-oauth2-core-6.5.1.jar:/home/sontaypham/.m2/repository/org/springframework/security/spring-security-oauth2-jose/6.5.1/spring-security-oauth2-jose-6.5.1.jar:/home/sontaypham/.m2/repository/com/nimbusds/nimbus-jose-jwt/9.37.3/nimbus-jose-jwt-9.37.3.jar:/home/sontaypham/.m2/repository/com/github/stephenc/jcip/jcip-annotations/1.0-1/jcip-annotations-1.0-1.jar:/home/sontaypham/.m2/repository/org/springframework/boot/spring-boot-starter-security/3.5.3/spring-boot-starter-security-3.5.3.jar:/home/sontaypham/.m2/repository/org/springframework/spring-aop/6.2.8/spring-aop-6.2.8.jar:/home/sontaypham/.m2/repository/org/springframework/security/spring-security-web/6.5.1/spring-security-web-6.5.1.jar:/home/sontaypham/.m2/repository/jakarta/validation/jakarta.validation-api/3.0.2/jakarta.validation-api-3.0.2.jar:/home/sontaypham/.m2/repository/org/springframework/boot/spring-boot-starter-web/3.5.3/spring-boot-starter-web-3.5.3.jar:/home/sontaypham/.m2/repository/org/springframework/boot/spring-boot-starter-json/3.5.3/spring-boot-starter-json-3.5.3.jar:/home/sontaypham/.m2/repository/com/fasterxml/jackson/core/jackson-databind/2.19.1/jackson-databind-2.19.1.jar:/home/sontaypham/.m2/repository/com/fasterxml/jackson/core/jackson-annotations/2.19.1/jackson-annotations-2.19.1.jar:/home/sontaypham/.m2/repository/com/fasterxml/jackson/core/jackson-core/2.19.1/jackson-core-2.19.1.jar:/home/sontaypham/.m2/repository/com/fasterxml/jackson/datatype/jackson-datatype-jdk8/2.19.1/jackson-datatype-jdk8-2.19.1.jar:/home/sontaypham/.m2/repository/com/fasterxml/jackson/datatype/jackson-datatype-jsr310/2.19.1/jackson-datatype-jsr310-2.19.1.jar:/home/sontaypham/.m2/repository/com/fasterxml/jackson/module/jackson-module-parameter-names/2.19.1/jackson-module-parameter-names-2.19.1.jar:/home/sontaypham/.m2/repository/org/springframework/boot/spring-boot-starter-tomcat/3.5.3/spring-boot-starter-tomcat-3.5.3.jar:/home/sontaypham/.m2/repository/org/apache/tomcat/embed/tomcat-embed-core/10.1.42/tomcat-embed-core-10.1.42.jar:/home/sontaypham/.m2/repository/org/apache/tomcat/embed/tomcat-embed-el/10.1.42/tomcat-embed-el-10.1.42.jar:/home/sontaypham/.m2/repository/org/apache/tomcat/embed/tomcat-embed-websocket/10.1.42/tomcat-embed-websocket-10.1.42.jar:/home/sontaypham/.m2/repository/org/springframework/spring-web/6.2.8/spring-web-6.2.8.jar:/home/sontaypham/.m2/repository/org/springframework/spring-webmvc/6.2.8/spring-webmvc-6.2.8.jar:/home/sontaypham/.m2/repository/org/springframework/boot/spring-boot-devtools/3.5.3/spring-boot-devtools-3.5.3.jar:/home/sontaypham/.m2/repository/org/springframework/boot/spring-boot/3.5.3/spring-boot-3.5.3.jar:/home/sontaypham/.m2/repository/org/springframework/boot/spring-boot-autoconfigure/3.5.3/spring-boot-autoconfigure-3.5.3.jar:/home/sontaypham/.m2/repository/org/postgresql/postgresql/42.7.7/postgresql-42.7.7.jar:/home/sontaypham/.m2/repository/org/checkerframework/checker-qual/3.49.3/checker-qual-3.49.3.jar:/home/sontaypham/.m2/repository/org/projectlombok/lombok/1.18.38/lombok-1.18.38.jar:/home/sontaypham/.m2/repository/org/springframework/boot/spring-boot-starter-test/3.5.3/spring-boot-starter-test-3.5.3.jar:/home/sontaypham/.m2/repository/org/springframework/boot/spring-boot-test/3.5.3/spring-boot-test-3.5.3.jar:/home/sontaypham/.m2/repository/org/springframework/boot/spring-boot-test-autoconfigure/3.5.3/spring-boot-test-autoconfigure-3.5.3.jar:/home/sontaypham/.m2/repository/com/jayway/jsonpath/json-path/2.9.0/json-path-2.9.0.jar:/home/sontaypham/.m2/repository/org/slf4j/slf4j-api/2.0.17/slf4j-api-2.0.17.jar:/home/sontaypham/.m2/repository/jakarta/xml/bind/jakarta.xml.bind-api/4.0.2/jakarta.xml.bind-api-4.0.2.jar:/home/sontaypham/.m2/repository/jakarta/activation/jakarta.activation-api/2.1.3/jakarta.activation-api-2.1.3.jar:/home/sontaypham/.m2/repository/net/minidev/json-smart/2.5.2/json-smart-2.5.2.jar:/home/sontaypham/.m2/repository/net/minidev/accessors-smart/2.5.2/accessors-smart-2.5.2.jar:/home/sontaypham/.m2/repository/org/ow2/asm/asm/9.7.1/asm-9.7.1.jar:/home/sontaypham/.m2/repository/org/assertj/assertj-core/3.27.3/assertj-core-3.27.3.jar:/home/sontaypham/.m2/repository/net/bytebuddy/byte-buddy/1.17.6/byte-buddy-1.17.6.jar:/home/sontaypham/.m2/repository/org/awaitility/awaitility/4.2.2/awaitility-4.2.2.jar:/home/sontaypham/.m2/repository/org/hamcrest/hamcrest/3.0/hamcrest-3.0.jar:/home/sontaypham/.m2/repository/org/junit/jupiter/junit-jupiter/5.12.2/junit-jupiter-5.12.2.jar:/home/sontaypham/.m2/repository/org/junit/jupiter/junit-jupiter-api/5.12.2/junit-jupiter-api-5.12.2.jar:/home/sontaypham/.m2/repository/org/opentest4j/opentest4j/1.3.0/opentest4j-1.3.0.jar:/home/sontaypham/.m2/repository/org/junit/platform/junit-platform-commons/1.12.2/junit-platform-commons-1.12.2.jar:/home/sontaypham/.m2/repository/org/apiguardian/apiguardian-api/1.1.2/apiguardian-api-1.1.2.jar:/home/sontaypham/.m2/repository/org/junit/jupiter/junit-jupiter-params/5.12.2/junit-jupiter-params-5.12.2.jar:/home/sontaypham/.m2/repository/org/junit/jupiter/junit-jupiter-engine/5.12.2/junit-jupiter-engine-5.12.2.jar:/home/sontaypham/.m2/repository/org/junit/platform/junit-platform-engine/1.12.2/junit-platform-engine-1.12.2.jar:/home/sontaypham/.m2/repository/org/mockito/mockito-core/5.17.0/mockito-core-5.17.0.jar:/home/sontaypham/.m2/repository/net/bytebuddy/byte-buddy-agent/1.17.6/byte-buddy-agent-1.17.6.jar:/home/sontaypham/.m2/repository/org/objenesis/objenesis/3.3/objenesis-3.3.jar:/home/sontaypham/.m2/repository/org/mockito/mockito-junit-jupiter/5.17.0/mockito-junit-jupiter-5.17.0.jar:/home/sontaypham/.m2/repository/org/skyscreamer/jsonassert/1.5.3/jsonassert-1.5.3.jar:/home/sontaypham/.m2/repository/com/vaadin/external/google/android-json/0.0.20131108.vaadin1/android-json-0.0.20131108.vaadin1.jar:/home/sontaypham/.m2/repository/org/springframework/spring-core/6.2.8/spring-core-6.2.8.jar:/home/sontaypham/.m2/repository/org/springframework/spring-jcl/6.2.8/spring-jcl-6.2.8.jar:/home/sontaypham/.m2/repository/org/springframework/spring-test/6.2.8/spring-test-6.2.8.jar:/home/sontaypham/.m2/repository/org/xmlunit/xmlunit-core/2.10.2/xmlunit-core-2.10.2.jar:/home/sontaypham/.m2/repository/org/springframework/security/spring-security-test/6.5.1/spring-security-test-6.5.1.jar:/home/sontaypham/.m2/repository/org/mapstruct/mapstruct/1.5.5.Final/mapstruct-1.5.5.Final.jar:/home/sontaypham/.m2/repository/org/springframework/boot/spring-boot-starter-data-jpa/3.5.3/spring-boot-starter-data-jpa-3.5.3.jar:/home/sontaypham/.m2/repository/org/springframework/boot/spring-boot-starter-jdbc/3.5.3/spring-boot-starter-jdbc-3.5.3.jar:/home/sontaypham/.m2/repository/com/zaxxer/HikariCP/6.3.0/HikariCP-6.3.0.jar:/home/sontaypham/.m2/repository/org/springframework/spring-jdbc/6.2.8/spring-jdbc-6.2.8.jar:/home/sontaypham/.m2/repository/org/hibernate/orm/hibernate-core/6.6.18.Final/hibernate-core-6.6.18.Final.jar:/home/sontaypham/.m2/repository/jakarta/persistence/jakarta.persistence-api/3.1.0/jakarta.persistence-api-3.1.0.jar:/home/sontaypham/.m2/repository/jakarta/transaction/jakarta.transaction-api/2.0.1/jakarta.transaction-api-2.0.1.jar:/home/sontaypham/.m2/repository/org/jboss/logging/jboss-logging/3.6.1.Final/jboss-logging-3.6.1.Final.jar:/home/sontaypham/.m2/repository/org/hibernate/common/hibernate-commons-annotations/7.0.3.Final/hibernate-commons-annotations-7.0.3.Final.jar:/home/sontaypham/.m2/repository/io/smallrye/jandex/3.2.0/jandex-3.2.0.jar:/home/sontaypham/.m2/repository/com/fasterxml/classmate/1.7.0/classmate-1.7.0.jar:/home/sontaypham/.m2/repository/org/glassfish/jaxb/jaxb-runtime/4.0.5/jaxb-runtime-4.0.5.jar:/home/sontaypham/.m2/repository/org/glassfish/jaxb/jaxb-core/4.0.5/jaxb-core-4.0.5.jar:/home/sontaypham/.m2/repository/org/eclipse/angus/angus-activation/2.0.2/angus-activation-2.0.2.jar:/home/sontaypham/.m2/repository/org/glassfish/jaxb/txw2/4.0.5/txw2-4.0.5.jar:/home/sontaypham/.m2/repository/com/sun/istack/istack-commons-runtime/4.1.2/istack-commons-runtime-4.1.2.jar:/home/sontaypham/.m2/repository/jakarta/inject/jakarta.inject-api/2.0.1/jakarta.inject-api-2.0.1.jar:/home/sontaypham/.m2/repository/org/antlr/antlr4-runtime/4.13.0/antlr4-runtime-4.13.0.jar:/home/sontaypham/.m2/repository/org/springframework/data/spring-data-jpa/3.5.1/spring-data-jpa-3.5.1.jar:/home/sontaypham/.m2/repository/org/springframework/data/spring-data-commons/3.5.1/spring-data-commons-3.5.1.jar:/home/sontaypham/.m2/repository/org/springframework/spring-orm/6.2.8/spring-orm-6.2.8.jar:/home/sontaypham/.m2/repository/org/springframework/spring-tx/6.2.8/spring-tx-6.2.8.jar:/home/sontaypham/.m2/repository/org/springframework/spring-aspects/6.2.8/spring-aspects-6.2.8.jar:/home/sontaypham/.m2/repository/org/aspectj/aspectjweaver/1.9.24/aspectjweaver-1.9.24.jar:"/>
    <property name="java.vm.vendor" value="Red Hat, Inc."/>
    <property name="sun.arch.data.model" value="64"/>
    <property name="java.vendor.url" value="https://www.redhat.com/"/>
    <property name="user.timezone" value="Asia/Ho_Chi_Minh"/>
    <property name="org.jboss.logging.provider" value="slf4j"/>
    <property name="os.name" value="Linux"/>
    <property name="java.vm.specification.version" value="21"/>
    <property name="APPLICATION_NAME" value="todolist"/>
    <property name="sun.java.launcher" value="SUN_STANDARD"/>
    <property name="user.country" value="US"/>
    <property name="sun.boot.library.path" value="/usr/lib/jvm/java-21-openjdk/lib"/>
    <property name="sun.java.command" value="/home/sontaypham/WorkSpace/SpringBoot/todolist/target/surefire/surefirebooter-20250726210345861_10.jar /home/sontaypham/WorkSpace/SpringBoot/todolist/target/surefire 2025-07-26T21-03-45_768-jvmRun1 surefire-20250726210345861_8tmp surefire_1-20250726210345861_9tmp"/>
    <property name="jdk.debug" value="release"/>
    <property name="surefire.test.class.path" value="/home/sontaypham/WorkSpace/SpringBoot/todolist/target/test-classes:/home/sontaypham/WorkSpace/SpringBoot/todolist/target/classes:/home/sontaypham/.m2/repository/org/springframework/boot/spring-boot-starter-oauth2-resource-server/3.5.3/spring-boot-starter-oauth2-resource-server-3.5.3.jar:/home/sontaypham/.m2/repository/org/springframework/boot/spring-boot-starter/3.5.3/spring-boot-starter-3.5.3.jar:/home/sontaypham/.m2/repository/org/springframework/boot/spring-boot-starter-logging/3.5.3/spring-boot-starter-logging-3.5.3.jar:/home/sontaypham/.m2/repository/ch/qos/logback/logback-classic/1.5.18/logback-classic-1.5.18.jar:/home/sontaypham/.m2/repository/ch/qos/logback/logback-core/1.5.18/logback-core-1.5.18.jar:/home/sontaypham/.m2/repository/org/apache/logging/log4j/log4j-to-slf4j/2.24.3/log4j-to-slf4j-2.24.3.jar:/home/sontaypham/.m2/repository/org/apache/logging/log4j/log4j-api/2.24.3/log4j-api-2.24.3.jar:/home/sontaypham/.m2/repository/org/slf4j/jul-to-slf4j/2.0.17/jul-to-slf4j-2.0.17.jar:/home/sontaypham/.m2/repository/jakarta/annotation/jakarta.annotation-api/2.1.1/jakarta.annotation-api-2.1.1.jar:/home/sontaypham/.m2/repository/org/yaml/snakeyaml/2.4/snakeyaml-2.4.jar:/home/sontaypham/.m2/repository/org/springframework/security/spring-security-config/6.5.1/spring-security-config-6.5.1.jar:/home/sontaypham/.m2/repository/org/springframework/spring-beans/6.2.8/spring-beans-6.2.8.jar:/home/sontaypham/.m2/repository/org/springframework/spring-context/6.2.8/spring-context-6.2.8.jar:/home/sontaypham/.m2/repository/org/springframework/security/spring-security-core/6.5.1/spring-security-core-6.5.1.jar:/home/sontaypham/.m2/repository/org/springframework/security/spring-security-crypto/6.5.1/spring-security-crypto-6.5.1.jar:/home/sontaypham/.m2/repository/org/springframework/spring-expression/6.2.8/spring-expression-6.2.8.jar:/home/sontaypham/.m2/repository/io/micrometer/micrometer-observation/1.15.1/micrometer-observation-1.15.1.jar:/home/sontaypham/.m2/repository/io/micrometer/micrometer-commons/1.15.1/micrometer-commons-1.15.1.jar:/home/sontaypham/.m2/repository/org/springframework/security/spring-security-oauth2-resource-server/6.5.1/spring-security-oauth2-resource-server-6.5.1.jar:/home/sontaypham/.m2/repository/org/springframework/security/spring-security-oauth2-core/6.5.1/spring-security-oauth2-core-6.5.1.jar:/home/sontaypham/.m2/repository/org/springframework/security/spring-security-oauth2-jose/6.5.1/spring-security-oauth2-jose-6.5.1.jar:/home/sontaypham/.m2/repository/com/nimbusds/nimbus-jose-jwt/9.37.3/nimbus-jose-jwt-9.37.3.jar:/home/sontaypham/.m2/repository/com/github/stephenc/jcip/jcip-annotations/1.0-1/jcip-annotations-1.0-1.jar:/home/sontaypham/.m2/repository/org/springframework/boot/spring-boot-starter-security/3.5.3/spring-boot-starter-security-3.5.3.jar:/home/sontaypham/.m2/repository/org/springframework/spring-aop/6.2.8/spring-aop-6.2.8.jar:/home/sontaypham/.m2/repository/org/springframework/security/spring-security-web/6.5.1/spring-security-web-6.5.1.jar:/home/sontaypham/.m2/repository/jakarta/validation/jakarta.validation-api/3.0.2/jakarta.validation-api-3.0.2.jar:/home/sontaypham/.m2/repository/org/springframework/boot/spring-boot-starter-web/3.5.3/spring-boot-starter-web-3.5.3.jar:/home/sontaypham/.m2/repository/org/springframework/boot/spring-boot-starter-json/3.5.3/spring-boot-starter-json-3.5.3.jar:/home/sontaypham/.m2/repository/com/fasterxml/jackson/core/jackson-databind/2.19.1/jackson-databind-2.19.1.jar:/home/sontaypham/.m2/repository/com/fasterxml/jackson/core/jackson-annotations/2.19.1/jackson-annotations-2.19.1.jar:/home/sontaypham/.m2/repository/com/fasterxml/jackson/core/jackson-core/2.19.1/jackson-core-2.19.1.jar:/home/sontaypham/.m2/repository/com/fasterxml/jackson/datatype/jackson-datatype-jdk8/2.19.1/jackson-datatype-jdk8-2.19.1.jar:/home/sontaypham/.m2/repository/com/fasterxml/jackson/datatype/jackson-datatype-jsr310/2.19.1/jackson-datatype-jsr310-2.19.1.jar:/home/sontaypham/.m2/repository/com/fasterxml/jackson/module/jackson-module-parameter-names/2.19.1/jackson-module-parameter-names-2.19.1.jar:/home/sontaypham/.m2/repository/org/springframework/boot/spring-boot-starter-tomcat/3.5.3/spring-boot-starter-tomcat-3.5.3.jar:/home/sontaypham/.m2/repository/org/apache/tomcat/embed/tomcat-embed-core/10.1.42/tomcat-embed-core-10.1.42.jar:/home/sontaypham/.m2/repository/org/apache/tomcat/embed/tomcat-embed-el/10.1.42/tomcat-embed-el-10.1.42.jar:/home/sontaypham/.m2/repository/org/apache/tomcat/embed/tomcat-embed-websocket/10.1.42/tomcat-embed-websocket-10.1.42.jar:/home/sontaypham/.m2/repository/org/springframework/spring-web/6.2.8/spring-web-6.2.8.jar:/home/sontaypham/.m2/repository/org/springframework/spring-webmvc/6.2.8/spring-webmvc-6.2.8.jar:/home/sontaypham/.m2/repository/org/springframework/boot/spring-boot-devtools/3.5.3/spring-boot-devtools-3.5.3.jar:/home/sontaypham/.m2/repository/org/springframework/boot/spring-boot/3.5.3/spring-boot-3.5.3.jar:/home/sontaypham/.m2/repository/org/springframework/boot/spring-boot-autoconfigure/3.5.3/spring-boot-autoconfigure-3.5.3.jar:/home/sontaypham/.m2/repository/org/postgresql/postgresql/42.7.7/postgresql-42.7.7.jar:/home/sontaypham/.m2/repository/org/checkerframework/checker-qual/3.49.3/checker-qual-3.49.3.jar:/home/sontaypham/.m2/repository/org/projectlombok/lombok/1.18.38/lombok-1.18.38.jar:/home/sontaypham/.m2/repository/org/springframework/boot/spring-boot-starter-test/3.5.3/spring-boot-starter-test-3.5.3.jar:/home/sontaypham/.m2/repository/org/springframework/boot/spring-boot-test/3.5.3/spring-boot-test-3.5.3.jar:/home/sontaypham/.m2/repository/org/springframework/boot/spring-boot-test-autoconfigure/3.5.3/spring-boot-test-autoconfigure-3.5.3.jar:/home/sontaypham/.m2/repository/com/jayway/jsonpath/json-path/2.9.0/json-path-2.9.0.jar:/home/sontaypham/.m2/repository/org/slf4j/slf4j-api/2.0.17/slf4j-api-2.0.17.jar:/home/sontaypham/.m2/repository/jakarta/xml/bind/jakarta.xml.bind-api/4.0.2/jakarta.xml.bind-api-4.0.2.jar:/home/sontaypham/.m2/repository/jakarta/activation/jakarta.activation-api/2.1.3/jakarta.activation-api-2.1.3.jar:/home/sontaypham/.m2/repository/net/minidev/json-smart/2.5.2/json-smart-2.5.2.jar:/home/sontaypham/.m2/repository/net/minidev/accessors-smart/2.5.2/accessors-smart-2.5.2.jar:/home/sontaypham/.m2/repository/org/ow2/asm/asm/9.7.1/asm-9.7.1.jar:/home/sontaypham/.m2/repository/org/assertj/assertj-core/3.27.3/assertj-core-3.27.3.jar:/home/sontaypham/.m2/repository/net/bytebuddy/byte-buddy/1.17.6/byte-buddy-1.17.6.jar:/home/sontaypham/.m2/repository/org/awaitility/awaitility/4.2.2/awaitility-4.2.2.jar:/home/sontaypham/.m2/repository/org/hamcrest/hamcrest/3.0/hamcrest-3.0.jar:/home/sontaypham/.m2/repository/org/junit/jupiter/junit-jupiter/5.12.2/junit-jupiter-5.12.2.jar:/home/sontaypham/.m2/repository/org/junit/jupiter/junit-jupiter-api/5.12.2/junit-jupiter-api-5.12.2.jar:/home/sontaypham/.m2/repository/org/opentest4j/opentest4j/1.3.0/opentest4j-1.3.0.jar:/home/sontaypham/.m2/repository/org/junit/platform/junit-platform-commons/1.12.2/junit-platform-commons-1.12.2.jar:/home/sontaypham/.m2/repository/org/apiguardian/apiguardian-api/1.1.2/apiguardian-api-1.1.2.jar:/home/sontaypham/.m2/repository/org/junit/jupiter/junit-jupiter-params/5.12.2/junit-jupiter-params-5.12.2.jar:/home/sontaypham/.m2/repository/org/junit/jupiter/junit-jupiter-engine/5.12.2/junit-jupiter-engine-5.12.2.jar:/home/sontaypham/.m2/repository/org/junit/platform/junit-platform-engine/1.12.2/junit-platform-engine-1.12.2.jar:/home/sontaypham/.m2/repository/org/mockito/mockito-core/5.17.0/mockito-core-5.17.0.jar:/home/sontaypham/.m2/repository/net/bytebuddy/byte-buddy-agent/1.17.6/byte-buddy-agent-1.17.6.jar:/home/sontaypham/.m2/repository/org/objenesis/objenesis/3.3/objenesis-3.3.jar:/home/sontaypham/.m2/repository/org/mockito/mockito-junit-jupiter/5.17.0/mockito-junit-jupiter-5.17.0.jar:/home/sontaypham/.m2/repository/org/skyscreamer/jsonassert/1.5.3/jsonassert-1.5.3.jar:/home/sontaypham/.m2/repository/com/vaadin/external/google/android-json/0.0.20131108.vaadin1/android-json-0.0.20131108.vaadin1.jar:/home/sontaypham/.m2/repository/org/springframework/spring-core/6.2.8/spring-core-6.2.8.jar:/home/sontaypham/.m2/repository/org/springframework/spring-jcl/6.2.8/spring-jcl-6.2.8.jar:/home/sontaypham/.m2/repository/org/springframework/spring-test/6.2.8/spring-test-6.2.8.jar:/home/sontaypham/.m2/repository/org/xmlunit/xmlunit-core/2.10.2/xmlunit-core-2.10.2.jar:/home/sontaypham/.m2/repository/org/springframework/security/spring-security-test/6.5.1/spring-security-test-6.5.1.jar:/home/sontaypham/.m2/repository/org/mapstruct/mapstruct/1.5.5.Final/mapstruct-1.5.5.Final.jar:/home/sontaypham/.m2/repository/org/springframework/boot/spring-boot-starter-data-jpa/3.5.3/spring-boot-starter-data-jpa-3.5.3.jar:/home/sontaypham/.m2/repository/org/springframework/boot/spring-boot-starter-jdbc/3.5.3/spring-boot-starter-jdbc-3.5.3.jar:/home/sontaypham/.m2/repository/com/zaxxer/HikariCP/6.3.0/HikariCP-6.3.0.jar:/home/sontaypham/.m2/repository/org/springframework/spring-jdbc/6.2.8/spring-jdbc-6.2.8.jar:/home/sontaypham/.m2/repository/org/hibernate/orm/hibernate-core/6.6.18.Final/hibernate-core-6.6.18.Final.jar:/home/sontaypham/.m2/repository/jakarta/persistence/jakarta.persistence-api/3.1.0/jakarta.persistence-api-3.1.0.jar:/home/sontaypham/.m2/repository/jakarta/transaction/jakarta.transaction-api/2.0.1/jakarta.transaction-api-2.0.1.jar:/home/sontaypham/.m2/repository/org/jboss/logging/jboss-logging/3.6.1.Final/jboss-logging-3.6.1.Final.jar:/home/sontaypham/.m2/repository/org/hibernate/common/hibernate-commons-annotations/7.0.3.Final/hibernate-commons-annotations-7.0.3.Final.jar:/home/sontaypham/.m2/repository/io/smallrye/jandex/3.2.0/jandex-3.2.0.jar:/home/sontaypham/.m2/repository/com/fasterxml/classmate/1.7.0/classmate-1.7.0.jar:/home/sontaypham/.m2/repository/org/glassfish/jaxb/jaxb-runtime/4.0.5/jaxb-runtime-4.0.5.jar:/home/sontaypham/.m2/repository/org/glassfish/jaxb/jaxb-core/4.0.5/jaxb-core-4.0.5.jar:/home/sontaypham/.m2/repository/org/eclipse/angus/angus-activation/2.0.2/angus-activation-2.0.2.jar:/home/sontaypham/.m2/repository/org/glassfish/jaxb/txw2/4.0.5/txw2-4.0.5.jar:/home/sontaypham/.m2/repository/com/sun/istack/istack-commons-runtime/4.1.2/istack-commons-runtime-4.1.2.jar:/home/sontaypham/.m2/repository/jakarta/inject/jakarta.inject-api/2.0.1/jakarta.inject-api-2.0.1.jar:/home/sontaypham/.m2/repository/org/antlr/antlr4-runtime/4.13.0/antlr4-runtime-4.13.0.jar:/home/sontaypham/.m2/repository/org/springframework/data/spring-data-jpa/3.5.1/spring-data-jpa-3.5.1.jar:/home/sontaypham/.m2/repository/org/springframework/data/spring-data-commons/3.5.1/spring-data-commons-3.5.1.jar:/home/sontaypham/.m2/repository/org/springframework/spring-orm/6.2.8/spring-orm-6.2.8.jar:/home/sontaypham/.m2/repository/org/springframework/spring-tx/6.2.8/spring-tx-6.2.8.jar:/home/sontaypham/.m2/repository/org/springframework/spring-aspects/6.2.8/spring-aspects-6.2.8.jar:/home/sontaypham/.m2/repository/org/aspectj/aspectjweaver/1.9.24/aspectjweaver-1.9.24.jar:"/>
    <property name="sun.cpu.endian" value="little"/>
    <property name="user.home" value="/home/sontaypham"/>
    <property name="user.language" value="en"/>
    <property name="java.specification.vendor" value="Oracle Corporation"/>
    <property name="java.version.date" value="2025-04-15"/>
    <property name="java.home" value="/usr/lib/jvm/java-21-openjdk"/>
    <property name="file.separator" value="/"/>
    <property name="basedir" value="/home/sontaypham/WorkSpace/SpringBoot/todolist"/>
    <property name="java.vm.compressedOopsMode" value="Zero based"/>
    <property name="line.separator" value="&#10;"/>
    <property name="java.vm.specification.vendor" value="Oracle Corporation"/>
    <property name="java.specification.name" value="Java Platform API Specification"/>
    <property name="FILE_LOG_CHARSET" value="UTF-8"/>
    <property name="java.awt.headless" value="true"/>
    <property name="surefire.real.class.path" value="/home/sontaypham/WorkSpace/SpringBoot/todolist/target/surefire/surefirebooter-20250726210345861_10.jar"/>
    <property name="sun.management.compiler" value="HotSpot 64-Bit Tiered Compilers"/>
    <property name="java.runtime.version" value="21.0.7+6"/>
    <property name="user.name" value="sontaypham"/>
    <property name="stdout.encoding" value="UTF-8"/>
    <property name="path.separator" value=":"/>
    <property name="os.version" value="6.13.11-200.fc41.x86_64"/>
    <property name="java.runtime.name" value="OpenJDK Runtime Environment"/>
    <property name="file.encoding" value="UTF-8"/>
    <property name="java.vm.name" value="OpenJDK 64-Bit Server VM"/>
    <property name="java.vendor.version" value="(Red_Hat-21.0.7.0.6-2)"/>
    <property name="localRepository" value="/home/sontaypham/.m2/repository"/>
    <property name="java.vendor.url.bug" value="https://bugzilla.redhat.com/enter_bug.cgi?product=Fedora&amp;component=java-21-openjdk&amp;version=41"/>
    <property name="java.io.tmpdir" value="/tmp"/>
    <property name="com.zaxxer.hikari.pool_number" value="1"/>
    <property name="java.version" value="21.0.7"/>
    <property name="user.dir" value="/home/sontaypham/WorkSpace/SpringBoot/todolist"/>
    <property name="os.arch" value="amd64"/>
    <property name="java.vm.specification.name" value="Java Virtual Machine Specification"/>
    <property name="PID" value="39163"/>
    <property name="CONSOLE_LOG_CHARSET" value="UTF-8"/>
    <property name="native.encoding" value="UTF-8"/>
    <property name="java.library.path" value="/usr/java/packages/lib:/usr/lib64:/lib64:/lib:/usr/lib"/>
    <property name="java.vm.info" value="mixed mode, sharing"/>
    <property name="stderr.encoding" value="UTF-8"/>
    <property name="java.vendor" value="Red Hat, Inc."/>
    <property name="java.vm.version" value="21.0.7+6"/>
    <property name="sun.io.unicode.encoding" value="UnicodeLittle"/>
    <property name="java.class.version" value="65.0"/>
    <property name="LOGGED_APPLICATION_NAME" value="[todolist] "/>
  </properties>
  <testcase name="deleteUser_success" classname="com.sontaypham.todolist.integration.service.UserServiceIT" time="0.127">
    <system-out><![CDATA[21:04:11.208 [main] INFO org.springframework.test.context.support.AnnotationConfigContextLoaderUtils -- Could not detect default configuration classes for test class [com.sontaypham.todolist.integration.service.UserServiceIT]: UserServiceIT does not declare any static, non-private, non-final, nested classes annotated with @Configuration.
21:04:12.031 [main] INFO org.springframework.boot.test.context.SpringBootTestContextBootstrapper -- Found @SpringBootConfiguration com.sontaypham.todolist.TodolistApplication for test class com.sontaypham.todolist.integration.service.UserServiceIT
21:04:13.052 [main] INFO org.springframework.boot.devtools.restart.RestartApplicationListener -- Restart disabled due to context in which it is running

  .   ____          _            __ _ _
 /\\ / ___'_ __ _ _(_)_ __  __ _ \ \ \ \
( ( )\___ | '_ | '_| | '_ \/ _` | \ \ \ \
 \\/  ___)| |_)| | | | | || (_| |  ) ) ) )
  '  |____| .__|_| |_|_| |_\__, | / / / /
 =========|_|==============|___/=/_/_/_/

 :: Spring Boot ::                (v3.5.3)

2025-07-26T21:04:13.895+07:00  INFO 39163 --- [todolist] [           main] c.s.t.integration.service.UserServiceIT  : Starting UserServiceIT using Java 21.0.7 with PID 39163 (started by sontaypham in /home/sontaypham/WorkSpace/SpringBoot/todolist)
2025-07-26T21:04:13.899+07:00  INFO 39163 --- [todolist] [           main] c.s.t.integration.service.UserServiceIT  : The following 1 profile is active: "test"
2025-07-26T21:04:15.471+07:00  INFO 39163 --- [todolist] [           main] .s.d.r.c.RepositoryConfigurationDelegate : Bootstrapping Spring Data JPA repositories in DEFAULT mode.
2025-07-26T21:04:15.562+07:00  INFO 39163 --- [todolist] [           main] .s.d.r.c.RepositoryConfigurationDelegate : Finished Spring Data repository scanning in 75 ms. Found 5 JPA repository interfaces.
2025-07-26T21:04:19.421+07:00  INFO 39163 --- [todolist] [           main] o.hibernate.jpa.internal.util.LogHelper  : HHH000204: Processing PersistenceUnitInfo [name: default]
2025-07-26T21:04:19.574+07:00  INFO 39163 --- [todolist] [           main] org.hibernate.Version                    : HHH000412: Hibernate ORM core version 6.6.18.Final
2025-07-26T21:04:19.657+07:00  INFO 39163 --- [todolist] [           main] o.h.c.internal.RegionFactoryInitiator    : HHH000026: Second-level cache disabled
2025-07-26T21:04:20.115+07:00  INFO 39163 --- [todolist] [           main] o.s.o.j.p.SpringPersistenceUnitInfo      : No LoadTimeWeaver setup: ignoring JPA class transformer
2025-07-26T21:04:20.210+07:00  INFO 39163 --- [todolist] [           main] com.zaxxer.hikari.HikariDataSource       : HikariPool-1 - Starting...
2025-07-26T21:04:20.655+07:00  INFO 39163 --- [todolist] [           main] com.zaxxer.hikari.pool.HikariPool        : HikariPool-1 - Added connection org.postgresql.jdbc.PgConnection@75b18097
2025-07-26T21:04:20.660+07:00  INFO 39163 --- [todolist] [           main] com.zaxxer.hikari.HikariDataSource       : HikariPool-1 - Start completed.
2025-07-26T21:04:20.793+07:00  WARN 39163 --- [todolist] [           main] org.hibernate.orm.deprecation            : HHH90000025: PostgreSQLDialect does not need to be specified explicitly using 'hibernate.dialect' (remove the property setting and it will be selected by default)
2025-07-26T21:04:20.864+07:00  INFO 39163 --- [todolist] [           main] org.hibernate.orm.connections.pooling    : HHH10001005: Database info:
	Database JDBC URL [Connecting through datasource 'HikariDataSource (HikariPool-1)']
	Database driver: undefined/unknown
	Database version: 15.13
	Autocommit mode: undefined/unknown
	Isolation level: undefined/unknown
	Minimum pool size: undefined/unknown
	Maximum pool size: undefined/unknown
2025-07-26T21:04:24.465+07:00  INFO 39163 --- [todolist] [           main] o.h.e.t.j.p.i.JtaPlatformInitiator       : HHH000489: No JTA platform available (set 'hibernate.transaction.jta.platform' to enable JTA platform integration)
2025-07-26T21:04:24.927+07:00  INFO 39163 --- [todolist] [           main] j.LocalContainerEntityManagerFactoryBean : Initialized JPA EntityManagerFactory for persistence unit 'default'
2025-07-26T21:04:25.943+07:00  WARN 39163 --- [todolist] [           main] JpaBaseConfiguration$JpaWebConfiguration : spring.jpa.open-in-view is enabled by default. Therefore, database queries may be performed during view rendering. Explicitly configure spring.jpa.open-in-view to disable this warning
2025-07-26T21:04:27.004+07:00  INFO 39163 --- [todolist] [           main] o.s.v.b.OptionalValidatorFactoryBean     : Failed to set up a Bean Validation provider: jakarta.validation.NoProviderFoundException: Unable to create a Configuration, because no Jakarta Bean Validation provider could be found. Add a provider like Hibernate Validator (RI) to your classpath.
2025-07-26T21:04:27.405+07:00  INFO 39163 --- [todolist] [           main] o.s.b.t.m.w.SpringBootMockServletContext : Initializing Spring TestDispatcherServlet ''
2025-07-26T21:04:27.406+07:00  INFO 39163 --- [todolist] [           main] o.s.t.web.servlet.TestDispatcherServlet  : Initializing Servlet ''
2025-07-26T21:04:27.407+07:00  INFO 39163 --- [todolist] [           main] o.s.t.web.servlet.TestDispatcherServlet  : Completed initialization in 1 ms
2025-07-26T21:04:27.442+07:00  INFO 39163 --- [todolist] [           main] c.s.t.integration.service.UserServiceIT  : Started UserServiceIT in 14.429 seconds (process running for 19.768)
2025-07-26T21:04:27.447+07:00  INFO 39163 --- [todolist] [           main] c.s.t.C.ApplicationInitConfig            : Application started
2025-07-26T21:04:27.822+07:00 ERROR 39163 --- [todolist] [           main] c.s.t.C.ApplicationInitConfig            : Role not found
]]></system-out>
    <system-err><![CDATA[Mockito is currently self-attaching to enable the inline-mock-maker. This will no longer work in future releases of the JDK. Please add Mockito as an agent to your build as described in Mockito's documentation: https://javadoc.io/doc/org.mockito/mockito-core/latest/org.mockito/org/mockito/Mockito.html#0.3
WARNING: A Java agent has been loaded dynamically (/home/sontaypham/.m2/repository/net/bytebuddy/byte-buddy-agent/1.17.6/byte-buddy-agent-1.17.6.jar)
WARNING: If a serviceability tool is in use, please run with -XX:+EnableDynamicAgentLoading to hide this warning
WARNING: If a serviceability tool is not in use, please run with -Djdk.instrument.traceUsage for more information
WARNING: Dynamic loading of agents will be disallowed by default in a future release
]]></system-err>
  </testcase>
  <testcase name="assignRoleToUser_userNotFound_throwsException" classname="com.sontaypham.todolist.integration.service.UserServiceIT" time="0.029"/>
  <testcase name="getUserByEmail_success" classname="com.sontaypham.todolist.integration.service.UserServiceIT" time="0.011"/>
  <testcase name="updateUser_success" classname="com.sontaypham.todolist.integration.service.UserServiceIT" time="0.014"/>
  <testcase name="createUser_roleNotFound_throwsException" classname="com.sontaypham.todolist.integration.service.UserServiceIT" time="0.01"/>
  <testcase name="getUserProfile_success" classname="com.sontaypham.todolist.integration.service.UserServiceIT" time="0.215"/>
  <testcase name="createUser_validRequest_success" classname="com.sontaypham.todolist.integration.service.UserServiceIT" time="0.009"/>
  <testcase name="updateUser_taskNotFound_throwsException" classname="com.sontaypham.todolist.integration.service.UserServiceIT" time="0.008"/>
  <testcase name="createUser_usernameExists_throwsException" classname="com.sontaypham.todolist.integration.service.UserServiceIT" time="0.012">
    <system-out><![CDATA[2025-07-26T21:04:28.292+07:00 ERROR 39163 --- [todolist] [           main] c.s.todolist.Service.UserService         : duplicate key
]]></system-out>
  </testcase>
  <testcase name="updateUser_roleNotFound_throwsException" classname="com.sontaypham.todolist.integration.service.UserServiceIT" time="0.008"/>
  <testcase name="assignRoleToUser" classname="com.sontaypham.todolist.integration.service.UserServiceIT" time="0.008"/>
  <testcase name="getUserById_userNotFound_throwsException" classname="com.sontaypham.todolist.integration.service.UserServiceIT" time="0.008"/>
  <testcase name="updateUserPassword_success" classname="com.sontaypham.todolist.integration.service.UserServiceIT" time="0.02">
    <system-out><![CDATA[2025-07-26T21:04:28.332+07:00  WARN 39163 --- [todolist] [           main] c.s.todolist.Service.UserService         : Change password success!
]]></system-out>
  </testcase>
  <testcase name="getAllUsers_success" classname="com.sontaypham.todolist.integration.service.UserServiceIT" time="0.008"/>
  <testcase name="deleteUser_userNotFound_throwsException" classname="com.sontaypham.todolist.integration.service.UserServiceIT" time="0.013"/>
  <testcase name="assignRoleToUser_roleNotFound_throwsException" classname="com.sontaypham.todolist.integration.service.UserServiceIT" time="0.018"/>
  <testcase name="updateUserPassword_userNotFound_throwsException" classname="com.sontaypham.todolist.integration.service.UserServiceIT" time="0.008"/>
  <testcase name="getUserByEmail_userNotFound_throwsException" classname="com.sontaypham.todolist.integration.service.UserServiceIT" time="0.007"/>
  <testcase name="searchUsers_success" classname="com.sontaypham.todolist.integration.service.UserServiceIT" time="0.008"/>
  <testcase name="updateUser_userNotFound_throwsException" classname="com.sontaypham.todolist.integration.service.UserServiceIT" time="0.008"/>
  <testcase name="updateUserPassword_oldPasswordWrong_throwsException" classname="com.sontaypham.todolist.integration.service.UserServiceIT" time="0.008"/>
  <testcase name="getUserById_success" classname="com.sontaypham.todolist.integration.service.UserServiceIT" time="0.007"/>
</testsuite>